<?xml version="1.0" encoding="UTF-8"?>
<!-- Generated by org.testng.reporters.JUnitReportReporter -->
<testsuite skipped="0" hostname="Ichhant" name="pkg.AddToCart" tests="1" failures="0" timestamp="20 Sep 2020 12:26:16 GMT" time="42.063" errors="0">
  <testcase name="f" time="42.063" classname="pkg.AddToCart"/>
</testsuite> <!-- pkg.AddToCart -->
